<?xml version="1.0" encoding="UTF-8"?>
<testsuite xmlns:xsi="http://www.w3.org/2001/XMLSchema-instance" xsi:noNamespaceSchemaLocation="https://maven.apache.org/surefire/maven-surefire-plugin/xsd/surefire-test-report.xsd" name="memorypalace.TestListOfDouble" time="0.162" tests="12" errors="0" skipped="0" failures="0">
  <properties>
[...]
</properties>
  <testcase name="testExceptions" classname="memorypalace.TestListOfDouble" time="0.033"/>
  <testcase name="testAdd" classname="memorypalace.TestListOfDouble" time="0.023"/>
  <testcase name="testSet" classname="memorypalace.TestListOfDouble" time="0.004"/>
  <testcase name="testDoubleIterator" classname="memorypalace.TestListOfDouble" time="0.008"/>
  <testcase name="testForEach" classname="memorypalace.TestListOfDouble" time="0.005"/>
  <testcase name="testNoOverload" classname="memorypalace.TestListOfDouble" time="0.014"/>
  <testcase name="testTrimToSize" classname="memorypalace.TestListOfDouble" time="0.01"/>
  <testcase name="testAddAll" classname="memorypalace.TestListOfDouble" time="0.007"/>
  <testcase name="testInsert" classname="memorypalace.TestListOfDouble" time="0.008"/>
  <testcase name="testRemove" classname="memorypalace.TestListOfDouble" time="0.007"/>
  <testcase name="testStream" classname="memorypalace.TestListOfDouble" time="0.002"/>
  <testcase name="testIterator" classname="memorypalace.TestListOfDouble" time="0.008"/>
</testsuite>